INFO [2019-03-14 23:14:44] Testing mode: TRUE
INFO [2019-03-14 23:14:46] config.csv has been imported and checked
INFO [2019-03-14 23:14:46] stations.csv has been imported and checked
INFO [2019-03-14 23:14:46] exogenous.csv has been imported and checked
INFO [2019-03-14 23:14:46] proposed_stations table successfully created
INFO [2019-03-14 23:14:46] exogenous table successfully created
INFO [2019-03-14 23:14:46] starting to create station service areas ... 
INFO [2019-03-14 23:14:46] creating service_area_1km for HELST1
INFO [2019-03-14 23:14:47] creating service_area_1km for HELST2
INFO [2019-03-14 23:14:48] creating service_area_1km for HELST3
INFO [2019-03-14 23:14:49] creating service_area_1km for NGLAN1
INFO [2019-03-14 23:14:50] creating service_area_1km for NGLAN2
INFO [2019-03-14 23:14:51] creating service_area_1km for NGLAN3
INFO [2019-03-14 23:14:52] creating service_area_5km for HELST1
INFO [2019-03-14 23:14:52] creating service_area_5km for HELST2
INFO [2019-03-14 23:14:53] creating service_area_5km for HELST3
INFO [2019-03-14 23:14:54] creating service_area_5km for NGLAN1
INFO [2019-03-14 23:14:55] creating service_area_5km for NGLAN2
INFO [2019-03-14 23:14:55] creating service_area_5km for NGLAN3
INFO [2019-03-14 23:14:56] creating service_area_10km for HELST1
INFO [2019-03-14 23:14:57] creating service_area_10km for HELST2
INFO [2019-03-14 23:14:58] creating service_area_10km for HELST3
INFO [2019-03-14 23:14:59] creating service_area_10km for NGLAN1
INFO [2019-03-14 23:14:59] creating service_area_10km for NGLAN2
INFO [2019-03-14 23:15:00] creating service_area_10km for NGLAN3
INFO [2019-03-14 23:15:01] creating service_area_20km for HELST1
INFO [2019-03-14 23:15:03] creating service_area_20km for HELST2
INFO [2019-03-14 23:15:05] creating service_area_20km for HELST3
INFO [2019-03-14 23:15:07] creating service_area_20km for NGLAN1
INFO [2019-03-14 23:15:09] creating service_area_20km for NGLAN2
INFO [2019-03-14 23:15:11] creating service_area_20km for NGLAN3
INFO [2019-03-14 23:15:13] creating service_area_30km for HELST1
INFO [2019-03-14 23:15:16] creating service_area_30km for HELST2
INFO [2019-03-14 23:15:18] creating service_area_30km for HELST3
INFO [2019-03-14 23:15:21] creating service_area_30km for NGLAN1
INFO [2019-03-14 23:15:24] creating service_area_30km for NGLAN2
INFO [2019-03-14 23:15:26] creating service_area_30km for NGLAN3
INFO [2019-03-14 23:15:29] creating service_area_40km for HELST1
INFO [2019-03-14 23:15:32] creating service_area_40km for HELST2
INFO [2019-03-14 23:15:35] creating service_area_40km for HELST3
INFO [2019-03-14 23:15:39] creating service_area_40km for NGLAN1
INFO [2019-03-14 23:15:42] creating service_area_40km for NGLAN2
INFO [2019-03-14 23:15:45] creating service_area_40km for NGLAN3
INFO [2019-03-14 23:15:48] creating service_area_60km for HELST1
INFO [2019-03-14 23:15:53] creating service_area_60km for HELST2
INFO [2019-03-14 23:15:57] creating service_area_60km for HELST3
INFO [2019-03-14 23:16:02] creating service_area_60km for NGLAN1
INFO [2019-03-14 23:16:06] creating service_area_60km for NGLAN2
INFO [2019-03-14 23:16:11] creating service_area_60km for NGLAN3
INFO [2019-03-14 23:16:15] creating service_area_80km for HELST1
INFO [2019-03-14 23:16:20] creating service_area_80km for HELST2
INFO [2019-03-14 23:16:25] creating service_area_80km for HELST3
INFO [2019-03-14 23:16:31] creating service_area_80km for NGLAN1
INFO [2019-03-14 23:16:36] creating service_area_80km for NGLAN2
INFO [2019-03-14 23:16:41] creating service_area_80km for NGLAN3
INFO [2019-03-14 23:16:46] creating service_area_105km for HELST1
INFO [2019-03-14 23:16:53] creating service_area_105km for HELST2
INFO [2019-03-14 23:17:00] creating service_area_105km for HELST3
INFO [2019-03-14 23:17:07] creating service_area_105km for NGLAN1
INFO [2019-03-14 23:17:15] creating service_area_105km for NGLAN2
INFO [2019-03-14 23:17:22] creating service_area_105km for NGLAN3
INFO [2019-03-14 23:17:29] creating service_area_5mins for HELST1
INFO [2019-03-14 23:17:30] creating service_area_5mins for HELST2
INFO [2019-03-14 23:17:31] creating service_area_5mins for HELST3
INFO [2019-03-14 23:17:32] creating service_area_5mins for NGLAN1
INFO [2019-03-14 23:17:33] creating service_area_5mins for NGLAN2
INFO [2019-03-14 23:17:34] creating service_area_5mins for NGLAN3
INFO [2019-03-14 23:17:35] creating service_area_1mins for HELST1
INFO [2019-03-14 23:17:37] creating service_area_1mins for HELST2
INFO [2019-03-14 23:17:38] creating service_area_1mins for HELST3
INFO [2019-03-14 23:17:39] creating service_area_1mins for NGLAN1
INFO [2019-03-14 23:17:40] creating service_area_1mins for NGLAN2
INFO [2019-03-14 23:17:41] creating service_area_1mins for NGLAN3
INFO [2019-03-14 23:17:42] station service area generation completed
INFO [2019-03-14 23:17:42] starting to generate choice sets and probability tables ...
INFO [2019-03-14 23:17:42] method is isolation
INFO [2019-03-14 23:17:42] calling sdr_generate_choicesets for: HELSTON
INFO [2019-03-14 23:17:42] Set of postcode choice sets is required for: HELST1
INFO [2019-03-14 23:17:42] Using service area geometry from: job001.proposed_stations
INFO [2019-03-14 23:17:42] Getting postcodes within 60 minute service area of: HELST1
INFO [2019-03-14 23:17:42] creating virtual nodes table
INFO [2019-03-14 23:17:42] creating stations view for existing stations and: HELST1
INFO [2019-03-14 23:17:42] starting parallel processing to generate the choicesets for 434 postcodes
INFO [2019-03-14 23:19:32] Set of choicesets generated for: HELST1
INFO [2019-03-14 23:19:32] Rows: 4340
INFO [2019-03-14 23:19:32] removing all rows for any postcode where none of: HELST1
INFO [2019-03-14 23:19:32] Rows: 4340
INFO [2019-03-14 23:19:32] Unique postcodes: 434
INFO [2019-03-14 23:19:32] average choiceset size: 10
INFO [2019-03-14 23:19:32] min choiceset size: 10
INFO [2019-03-14 23:19:32] max choiceset size: 10
INFO [2019-03-14 23:19:32] calling sdr_generate_probability_table for: HELST1
INFO [2019-03-14 23:19:32] calling sdr_frequency_group_adjustment for: HELST1
INFO [2019-03-14 23:19:32] calling sdr_calculate_probabilities for: HELST1
INFO [2019-03-14 23:19:33] calling sdr_generate_probability_table for: HELST2
INFO [2019-03-14 23:19:33] calling sdr_frequency_group_adjustment for: HELST2
INFO [2019-03-14 23:19:33] calling sdr_calculate_probabilities for: HELST2
INFO [2019-03-14 23:19:33] calling sdr_generate_probability_table for: HELST3
INFO [2019-03-14 23:19:33] calling sdr_frequency_group_adjustment for: HELST3
INFO [2019-03-14 23:19:33] calling sdr_calculate_probabilities for: HELST3
INFO [2019-03-14 23:19:33] calling sdr_generate_choicesets for: NANCEGOLLAN
INFO [2019-03-14 23:19:33] Set of postcode choice sets is required for: NGLAN1
INFO [2019-03-14 23:19:33] Using service area geometry from: job001.proposed_stations
INFO [2019-03-14 23:19:33] Getting postcodes within 60 minute service area of: NGLAN1
INFO [2019-03-14 23:19:33] creating virtual nodes table
INFO [2019-03-14 23:19:34] creating stations view for existing stations and: NGLAN1
INFO [2019-03-14 23:19:34] starting parallel processing to generate the choicesets for 434 postcodes
INFO [2019-03-14 23:21:22] Set of choicesets generated for: NGLAN1
INFO [2019-03-14 23:21:22] Rows: 4340
INFO [2019-03-14 23:21:22] removing all rows for any postcode where none of: NGLAN1
INFO [2019-03-14 23:21:22] Rows: 4340
INFO [2019-03-14 23:21:22] Unique postcodes: 434
INFO [2019-03-14 23:21:22] average choiceset size: 10
INFO [2019-03-14 23:21:22] min choiceset size: 10
INFO [2019-03-14 23:21:22] max choiceset size: 10
INFO [2019-03-14 23:21:22] calling sdr_generate_probability_table for: NGLAN1
INFO [2019-03-14 23:21:22] calling sdr_frequency_group_adjustment for: NGLAN1
INFO [2019-03-14 23:21:22] calling sdr_calculate_probabilities for: NGLAN1
INFO [2019-03-14 23:21:22] calling sdr_generate_probability_table for: NGLAN2
INFO [2019-03-14 23:21:22] calling sdr_frequency_group_adjustment for: NGLAN2
INFO [2019-03-14 23:21:22] calling sdr_calculate_probabilities for: NGLAN2
INFO [2019-03-14 23:21:23] calling sdr_generate_probability_table for: NGLAN3
INFO [2019-03-14 23:21:23] calling sdr_frequency_group_adjustment for: NGLAN3
INFO [2019-03-14 23:21:23] calling sdr_calculate_probabilities for: NGLAN3
INFO [2019-03-14 23:21:23] create and populate 1-minute workplace population column in proposed_stations
INFO [2019-03-14 23:21:23] make adjustments for new workplace population from exogenous_input
INFO [2019-03-14 23:21:23] calling sdr_calculate_prweighted_population
INFO [2019-03-14 23:21:23] Getting probability weighted population for: HELST1, from: probability_helst1
INFO [2019-03-14 23:21:23] updating proposed stations_table column: prw_pop
INFO [2019-03-14 23:21:23] calling sdr_calculate_prweighted_population
INFO [2019-03-14 23:21:23] Getting probability weighted population for: HELST2, from: probability_helst2
INFO [2019-03-14 23:21:23] updating proposed stations_table column: prw_pop
INFO [2019-03-14 23:21:23] calling sdr_calculate_prweighted_population
INFO [2019-03-14 23:21:23] Getting probability weighted population for: HELST3, from: probability_helst3
INFO [2019-03-14 23:21:23] updating proposed stations_table column: prw_pop
INFO [2019-03-14 23:21:23] calling sdr_calculate_prweighted_population
INFO [2019-03-14 23:21:23] Getting probability weighted population for: NGLAN1, from: probability_nglan1
INFO [2019-03-14 23:21:23] updating proposed stations_table column: prw_pop
INFO [2019-03-14 23:21:23] calling sdr_calculate_prweighted_population
INFO [2019-03-14 23:21:23] Getting probability weighted population for: NGLAN2, from: probability_nglan2
INFO [2019-03-14 23:21:23] updating proposed stations_table column: prw_pop
INFO [2019-03-14 23:21:23] calling sdr_calculate_prweighted_population
INFO [2019-03-14 23:21:23] Getting probability weighted population for: NGLAN3, from: probability_nglan3
INFO [2019-03-14 23:21:23] updating proposed stations_table column: prw_pop
INFO [2019-03-14 23:21:23] calling sdr_create_json_catchment
INFO [2019-03-14 23:21:23] creating GeoJSON catchment, updating table: job001.proposed_stations
INFO [2019-03-14 23:21:23] creating GeoJSON catchment, updating column: catchment
INFO [2019-03-14 23:21:23] creating GeoJSON catchment, using 60 minute sa from table: job001.proposed_stations
INFO [2019-03-14 23:21:23] creating GeoJSON catchment, where: crscode = 'HELST1'
INFO [2019-03-14 23:21:24] calling sdr_create_json_catchment
INFO [2019-03-14 23:21:24] creating GeoJSON catchment, updating table: job001.proposed_stations
INFO [2019-03-14 23:21:24] creating GeoJSON catchment, updating column: catchment
INFO [2019-03-14 23:21:24] creating GeoJSON catchment, using 60 minute sa from table: job001.proposed_stations
INFO [2019-03-14 23:21:24] creating GeoJSON catchment, where: crscode = 'HELST2'
INFO [2019-03-14 23:21:24] calling sdr_create_json_catchment
INFO [2019-03-14 23:21:24] creating GeoJSON catchment, updating table: job001.proposed_stations
INFO [2019-03-14 23:21:24] creating GeoJSON catchment, updating column: catchment
INFO [2019-03-14 23:21:24] creating GeoJSON catchment, using 60 minute sa from table: job001.proposed_stations
INFO [2019-03-14 23:21:24] creating GeoJSON catchment, where: crscode = 'HELST3'
INFO [2019-03-14 23:21:24] calling sdr_create_json_catchment
INFO [2019-03-14 23:21:24] creating GeoJSON catchment, updating table: job001.proposed_stations
INFO [2019-03-14 23:21:24] creating GeoJSON catchment, updating column: catchment
INFO [2019-03-14 23:21:24] creating GeoJSON catchment, using 60 minute sa from table: job001.proposed_stations
INFO [2019-03-14 23:21:24] creating GeoJSON catchment, where: crscode = 'NGLAN1'
INFO [2019-03-14 23:21:25] calling sdr_create_json_catchment
INFO [2019-03-14 23:21:25] creating GeoJSON catchment, updating table: job001.proposed_stations
INFO [2019-03-14 23:21:25] creating GeoJSON catchment, updating column: catchment
INFO [2019-03-14 23:21:25] creating GeoJSON catchment, using 60 minute sa from table: job001.proposed_stations
INFO [2019-03-14 23:21:25] creating GeoJSON catchment, where: crscode = 'NGLAN2'
INFO [2019-03-14 23:21:25] calling sdr_create_json_catchment
INFO [2019-03-14 23:21:25] creating GeoJSON catchment, updating table: job001.proposed_stations
INFO [2019-03-14 23:21:25] creating GeoJSON catchment, updating column: catchment
INFO [2019-03-14 23:21:25] creating GeoJSON catchment, using 60 minute sa from table: job001.proposed_stations
INFO [2019-03-14 23:21:25] creating GeoJSON catchment, where: crscode = 'NGLAN3'
INFO [2019-03-14 23:21:25] starting to generate forecasts ...
INFO [2019-03-14 23:21:25] tidying up
INFO [2019-03-14 23:21:25] model finished
